=== Crash/WAL Stress Test ===
Database path : stress_crash.mlite
Commit ops    : 300
Crash ops     : 100
Iterations    : 20

Iteration 01 - mode: COMMIT
  Documents in DB: 300, expected: 300
  ✓ State consistent
Iteration 02 - mode: CRASH
  ⚡ Worker killed to simulate crash
  Documents in DB: 300, expected: 300
  ✓ State consistent
Iteration 03 - mode: COMMIT
  Documents in DB: 600, expected: 600
  ✓ State consistent
Iteration 04 - mode: CRASH
  ⚡ Worker killed to simulate crash
  Documents in DB: 600, expected: 600
  ✓ State consistent
Iteration 05 - mode: COMMIT
  Documents in DB: 900, expected: 900
  ✓ State consistent
Iteration 06 - mode: CRASH
  ⚡ Worker killed to simulate crash
  Documents in DB: 900, expected: 900
  ✓ State consistent
Iteration 07 - mode: COMMIT
  Documents in DB: 1200, expected: 1200
  ✓ State consistent
Iteration 08 - mode: CRASH
  ⚡ Worker killed to simulate crash
  Documents in DB: 1200, expected: 1200
  ✓ State consistent
Iteration 09 - mode: COMMIT
  Documents in DB: 1500, expected: 1500
  ✓ State consistent
Iteration 10 - mode: CRASH
  ⚡ Worker killed to simulate crash
  Documents in DB: 1500, expected: 1500
  ✓ State consistent
Iteration 11 - mode: COMMIT
  Documents in DB: 1800, expected: 1800
  ✓ State consistent
Iteration 12 - mode: CRASH
  ⚡ Worker killed to simulate crash
  Documents in DB: 1800, expected: 1800
  ✓ State consistent
Iteration 13 - mode: COMMIT
  Documents in DB: 2100, expected: 2100
  ✓ State consistent
Iteration 14 - mode: CRASH
  ⚡ Worker killed to simulate crash
  Documents in DB: 2100, expected: 2100
  ✓ State consistent
Iteration 15 - mode: COMMIT
  Documents in DB: 2400, expected: 2400
  ✓ State consistent
Iteration 16 - mode: CRASH
  ⚡ Worker killed to simulate crash
  Documents in DB: 2400, expected: 2400
  ✓ State consistent
Iteration 17 - mode: COMMIT
  Documents in DB: 2700, expected: 2700
  ✓ State consistent
Iteration 18 - mode: CRASH
  ⚡ Worker killed to simulate crash
  Documents in DB: 2700, expected: 2700
  ✓ State consistent
Iteration 19 - mode: COMMIT
  Documents in DB: 3000, expected: 3000
  ✓ State consistent
Iteration 20 - mode: CRASH
  ⚡ Worker killed to simulate crash
  Documents in DB: 3000, expected: 3000
  ✓ State consistent

Cleaning up...
